<?xml version="1.0" encoding="UTF-8"?>
<!-- Generated by org.testng.reporters.JUnitReportReporter -->
<testsuite hostname="DEADPOOL" failures="0" tests="5" name="TestClasses.VerifyUserCanBuyProduct" time="30.967" errors="0" timestamp="2022-06-07T22:20:05 IST" skipped="0">
  <testcase classname="TestClasses.VerifyUserCanBuyProduct" name="verifyusercanlogin" time="5.769"/>
  <system-out/>
  <testcase classname="TestClasses.VerifyUserCanBuyProduct" name="verifyusercansearch" time="6.428"/>
  <system-out/>
  <testcase classname="TestClasses.VerifyUserCanBuyProduct" name="verifyusercanselectproduct" time="5.929"/>
  <system-out/>
  <testcase classname="TestClasses.VerifyUserCanBuyProduct" name="verifyusercanplaceorder" time="6.231"/>
  <system-out/>
  <testcase classname="TestClasses.VerifyUserCanBuyProduct" name="verifyusercangotopaymentsc" time="6.610"/>
  <system-out/>
</testsuite> <!-- TestClasses.VerifyUserCanBuyProduct -->
